Base path: D:/Unity523/Editor/Data
Pipe name: \\.\pipe\UnityShaderCompiler-64bit-1-11840
Cmd: getPlatforms
Cmd: preprocess
  insize=1934 outsize=930 ok=1
Cmd: compileSnippet
  api=4 type=0 insize=1306 outsize=1404 kw= pd= ok=1
Cmd: compileSnippet
  api=4 type=1 insize=1306 outsize=1184 kw= pd= ok=1
Cmd: preprocess
  insize=514 outsize=514 ok=1
Cmd: preprocess
  insize=2002 outsize=931 ok=1
Cmd: compileSnippet
  api=4 type=0 insize=1373 outsize=1404 kw= pd= ok=1
Cmd: compileSnippet
  api=4 type=1 insize=1373 outsize=1152 kw= pd= ok=1
Cmd: preprocess
  insize=569 outsize=569 ok=1
Cmd: preprocess
  insize=422 outsize=422 ok=1
Cmd: preprocess
  insize=558 outsize=558 ok=1
Cmd: preprocess
  insize=1754 outsize=929 ok=1
Cmd: compileSnippet
  api=4 type=0 insize=1126 outsize=1404 kw= pd= ok=1
Cmd: compileSnippet
  api=4 type=1 insize=1126 outsize=1063 kw= pd= ok=1
Cmd: preprocess
  insize=1294 outsize=492 ok=1
Cmd: compileSnippet
  api=4 type=0 insize=1104 outsize=1209 kw= pd= ok=1
Cmd: compileSnippet
  api=4 type=1 insize=1104 outsize=1379 kw= pd= ok=1
Cmd: preprocess
  insize=1772 outsize=993 ok=1
Cmd: compileSnippet
  api=4 type=0 insize=1081 outsize=1290 kw= pd= ok=1
Cmd: compileSnippet
  api=4 type=1 insize=1081 outsize=1006 kw= pd= ok=1
Cmd: compileSnippet
  api=4 type=0 insize=990 outsize=1087 kw= pd= ok=1
Cmd: compileSnippet
  api=4 type=1 insize=990 outsize=713 kw= pd= ok=1
Cmd: compileSnippet
  api=4 type=0 insize=1005 outsize=1274 kw= pd= ok=1
Cmd: compileSnippet
  api=4 type=1 insize=1005 outsize=892 kw= pd= ok=1
